2020-01-13 11:10:57,434 [Worker-6: Loading available Gradle versions] INFO  c.g.t.t.d.PublishedGradleVersions - Gradle version information cache is up-to-date. Trying to read.
2020-01-13 11:11:42,048 [Worker-6: Importing Maven projects] INFO  o.e.m.c.i.l.LifecycleMappingFactory - Using org.eclipse.m2e.jdt.JarLifecycleMapping lifecycle mapping for MavenProject: qualtechedge:qualtech:0.0.1-SNAPSHOT @ C:\Users\pc\Desktop\FinMaxQAFinalProject\6Jan\QualtechKeywordDriven\pom.xml.
2020-01-13 11:11:44,401 [Worker-6: Importing Maven projects] INFO  o.e.m.j.i.AbstractJavaProjectConfigurator - Adding source folder /qualtech/src/main/java
2020-01-13 11:11:44,402 [Worker-6: Importing Maven projects] INFO  o.e.m.j.i.AbstractJavaProjectConfigurator - Adding source folder /qualtech/src/test/java
2020-01-13 11:11:44,628 [Worker-6: Importing Maven projects] INFO  o.e.m.c.i.p.ProjectConfigurationManager - Imported and configured 1 project(s) in 10 sec
2020-01-13 11:11:46,082 [Worker-15: Building workspace] WARN  o.e.m.c.i.embedder.EclipseLogger - Using platform encoding (Cp1252 actually) to copy filtered resources, i.e. build is platform dependent!
2020-01-13 11:11:46,091 [Worker-15: Building workspace] INFO  o.e.m.c.i.embedder.EclipseLogger - skip non existing resourceDirectory C:\Users\pc\Desktop\FinMaxQAFinalProject\6Jan\QualtechKeywordDriven\src\main\resources
2020-01-13 11:11:46,093 [Worker-15: Building workspace] WARN  o.e.m.c.i.embedder.EclipseLogger - Using platform encoding (Cp1252 actually) to copy filtered resources, i.e. build is platform dependent!
2020-01-13 11:11:46,101 [Worker-15: Building workspace] INFO  o.e.m.c.i.embedder.EclipseLogger - skip non existing resourceDirectory C:\Users\pc\Desktop\FinMaxQAFinalProject\6Jan\QualtechKeywordDriven\src\test\resources
2020-01-13 11:12:25,765 [Worker-1: Building workspace] WARN  o.e.m.c.i.embedder.EclipseLogger - Using platform encoding (Cp1252 actually) to copy filtered resources, i.e. build is platform dependent!
2020-01-13 11:12:25,775 [Worker-1: Building workspace] INFO  o.e.m.c.i.embedder.EclipseLogger - skip non existing resourceDirectory C:\Users\pc\Desktop\FinMaxQAFinalProject\6Jan\QualtechKeywordDriven\src\main\resources
2020-01-13 11:12:25,777 [Worker-1: Building workspace] WARN  o.e.m.c.i.embedder.EclipseLogger - Using platform encoding (Cp1252 actually) to copy filtered resources, i.e. build is platform dependent!
2020-01-13 11:12:25,785 [Worker-1: Building workspace] INFO  o.e.m.c.i.embedder.EclipseLogger - skip non existing resourceDirectory C:\Users\pc\Desktop\FinMaxQAFinalProject\6Jan\QualtechKeywordDriven\src\test\resources
2020-01-13 11:12:35,143 [Worker-3: Building workspace] WARN  o.e.m.c.i.embedder.EclipseLogger - Using platform encoding (Cp1252 actually) to copy filtered resources, i.e. build is platform dependent!
2020-01-13 11:12:35,149 [Worker-3: Building workspace] INFO  o.e.m.c.i.embedder.EclipseLogger - skip non existing resourceDirectory C:\Users\pc\Desktop\FinMaxQAFinalProject\6Jan\QualtechKeywordDriven\src\main\resources
2020-01-13 11:12:35,151 [Worker-3: Building workspace] WARN  o.e.m.c.i.embedder.EclipseLogger - Using platform encoding (Cp1252 actually) to copy filtered resources, i.e. build is platform dependent!
2020-01-13 11:12:35,157 [Worker-3: Building workspace] INFO  o.e.m.c.i.embedder.EclipseLogger - skip non existing resourceDirectory C:\Users\pc\Desktop\FinMaxQAFinalProject\6Jan\QualtechKeywordDriven\src\test\resources
2020-01-13 11:15:51,942 [Worker-12: Building workspace] WARN  o.e.m.c.i.embedder.EclipseLogger - Using platform encoding (Cp1252 actually) to copy filtered resources, i.e. build is platform dependent!
2020-01-13 11:15:51,950 [Worker-12: Building workspace] INFO  o.e.m.c.i.embedder.EclipseLogger - skip non existing resourceDirectory C:\Users\pc\Desktop\FinMaxQAFinalProject\6Jan\QualtechKeywordDriven\src\main\resources
2020-01-13 11:15:51,952 [Worker-12: Building workspace] WARN  o.e.m.c.i.embedder.EclipseLogger - Using platform encoding (Cp1252 actually) to copy filtered resources, i.e. build is platform dependent!
2020-01-13 11:15:51,969 [Worker-12: Building workspace] INFO  o.e.m.c.i.embedder.EclipseLogger - skip non existing resourceDirectory C:\Users\pc\Desktop\FinMaxQAFinalProject\6Jan\QualtechKeywordDriven\src\test\resources
2020-01-13 11:18:23,057 [Worker-2: Building workspace] WARN  o.e.m.c.i.embedder.EclipseLogger - Using platform encoding (Cp1252 actually) to copy filtered resources, i.e. build is platform dependent!
2020-01-13 11:18:23,064 [Worker-2: Building workspace] INFO  o.e.m.c.i.embedder.EclipseLogger - skip non existing resourceDirectory C:\Users\pc\Desktop\FinMaxQAFinalProject\6Jan\QualtechKeywordDriven\src\main\resources
2020-01-13 11:18:23,065 [Worker-2: Building workspace] WARN  o.e.m.c.i.embedder.EclipseLogger - Using platform encoding (Cp1252 actually) to copy filtered resources, i.e. build is platform dependent!
2020-01-13 11:18:23,071 [Worker-2: Building workspace] INFO  o.e.m.c.i.embedder.EclipseLogger - skip non existing resourceDirectory C:\Users\pc\Desktop\FinMaxQAFinalProject\6Jan\QualtechKeywordDriven\src\test\resources
2020-01-13 11:18:59,767 [Worker-11: Resolving model org.eclipse.recommenders:index::zip:0.0.0] WARN  o.e.r.models.ModelRepository - Failed to download org.eclipse.recommenders:index::zip:0.0.0
org.eclipse.aether.resolution.ArtifactResolutionException: Could not find artifact org.eclipse.recommenders:index:zip:0.0.0-SNAPSHOT in models (http://download.eclipse.org/recommenders/models/photon/)
	at org.eclipse.aether.internal.impl.DefaultArtifactResolver.resolve(DefaultArtifactResolver.java:453) ~[na:na]
	at org.eclipse.aether.internal.impl.DefaultArtifactResolver.resolveArtifacts(DefaultArtifactResolver.java:255) ~[na:na]
	at org.eclipse.aether.internal.impl.DefaultArtifactResolver.resolveArtifact(DefaultArtifactResolver.java:232) ~[na:na]
	at org.eclipse.aether.internal.impl.DefaultRepositorySystem.resolveArtifact(DefaultRepositorySystem.java:303) ~[na:na]
	at org.eclipse.recommenders.models.ModelRepository.resolveInternal(ModelRepository.java:193) [org.eclipse.recommenders.models_2.5.3.v20180609-1554.jar:na]
	at org.eclipse.recommenders.models.ModelRepository.resolve(ModelRepository.java:172) [org.eclipse.recommenders.models_2.5.3.v20180609-1554.jar:na]
	at org.eclipse.recommenders.internal.models.rcp.EclipseModelRepository.resolve(EclipseModelRepository.java:168) [org.eclipse.recommenders.models.rcp_2.5.3.v20180609-1554.jar:na]
	at org.eclipse.recommenders.internal.models.rcp.DownloadModelArchiveJob.run(DownloadModelArchiveJob.java:76) [org.eclipse.recommenders.models.rcp_2.5.3.v20180609-1554.jar:na]
	at org.eclipse.core.internal.jobs.Worker.run(Worker.java:60) [org.eclipse.core.jobs_3.10.0.v20180427-1454.jar:na]
Caused by: org.eclipse.aether.transfer.ArtifactNotFoundException: Could not find artifact org.eclipse.recommenders:index:zip:0.0.0-SNAPSHOT in models (http://download.eclipse.org/recommenders/models/photon/)
	at org.eclipse.aether.connector.basic.ArtifactTransportListener.transferFailed(ArtifactTransportListener.java:48) ~[org.apache.maven.resolver.connector.basic_1.0.3.v20170405-0725.jar:1.0.3]
	at org.eclipse.aether.connector.basic.BasicRepositoryConnector$TaskRunner.run(BasicRepositoryConnector.java:364) ~[org.apache.maven.resolver.connector.basic_1.0.3.v20170405-0725.jar:1.0.3]
	at org.eclipse.aether.util.concurrency.RunnableErrorForwarder$1.run(RunnableErrorForwarder.java:76) ~[na:na]
	at org.eclipse.aether.connector.basic.BasicRepositoryConnector$DirectExecutor.execute(BasicRepositoryConnector.java:590) ~[org.apache.maven.resolver.connector.basic_1.0.3.v20170405-0725.jar:1.0.3]
	at org.eclipse.aether.connector.basic.BasicRepositoryConnector.get(BasicRepositoryConnector.java:258) ~[org.apache.maven.resolver.connector.basic_1.0.3.v20170405-0725.jar:1.0.3]
	at org.eclipse.aether.internal.impl.DefaultArtifactResolver.performDownloads(DefaultArtifactResolver.java:529) ~[na:na]
	at org.eclipse.aether.internal.impl.DefaultArtifactResolver.resolve(DefaultArtifactResolver.java:430) ~[na:na]
	... 8 common frames omitted
2020-01-13 11:21:49,067 [Worker-2: Building workspace] WARN  o.e.m.c.i.embedder.EclipseLogger - Using platform encoding (Cp1252 actually) to copy filtered resources, i.e. build is platform dependent!
2020-01-13 11:21:49,075 [Worker-2: Building workspace] INFO  o.e.m.c.i.embedder.EclipseLogger - skip non existing resourceDirectory C:\Users\pc\Desktop\FinMaxQAFinalProject\6Jan\QualtechKeywordDriven\src\main\resources
2020-01-13 11:21:49,076 [Worker-2: Building workspace] WARN  o.e.m.c.i.embedder.EclipseLogger - Using platform encoding (Cp1252 actually) to copy filtered resources, i.e. build is platform dependent!
2020-01-13 11:21:49,086 [Worker-2: Building workspace] INFO  o.e.m.c.i.embedder.EclipseLogger - skip non existing resourceDirectory C:\Users\pc\Desktop\FinMaxQAFinalProject\6Jan\QualtechKeywordDriven\src\test\resources
2020-01-13 11:22:00,621 [Worker-1: Building workspace] WARN  o.e.m.c.i.embedder.EclipseLogger - Using platform encoding (Cp1252 actually) to copy filtered resources, i.e. build is platform dependent!
2020-01-13 11:22:00,633 [Worker-1: Building workspace] INFO  o.e.m.c.i.embedder.EclipseLogger - skip non existing resourceDirectory C:\Users\pc\Desktop\FinMaxQAFinalProject\6Jan\QualtechKeywordDriven\src\main\resources
2020-01-13 11:22:00,634 [Worker-1: Building workspace] WARN  o.e.m.c.i.embedder.EclipseLogger - Using platform encoding (Cp1252 actually) to copy filtered resources, i.e. build is platform dependent!
2020-01-13 11:22:00,646 [Worker-1: Building workspace] INFO  o.e.m.c.i.embedder.EclipseLogger - skip non existing resourceDirectory C:\Users\pc\Desktop\FinMaxQAFinalProject\6Jan\QualtechKeywordDriven\src\test\resources
2020-01-13 11:23:15,041 [Worker-14: Building workspace] WARN  o.e.m.c.i.embedder.EclipseLogger - Using platform encoding (Cp1252 actually) to copy filtered resources, i.e. build is platform dependent!
2020-01-13 11:23:15,047 [Worker-14: Building workspace] INFO  o.e.m.c.i.embedder.EclipseLogger - skip non existing resourceDirectory C:\Users\pc\Desktop\FinMaxQAFinalProject\6Jan\QualtechKeywordDriven\src\main\resources
2020-01-13 11:23:15,049 [Worker-14: Building workspace] WARN  o.e.m.c.i.embedder.EclipseLogger - Using platform encoding (Cp1252 actually) to copy filtered resources, i.e. build is platform dependent!
2020-01-13 11:23:15,055 [Worker-14: Building workspace] INFO  o.e.m.c.i.embedder.EclipseLogger - skip non existing resourceDirectory C:\Users\pc\Desktop\FinMaxQAFinalProject\6Jan\QualtechKeywordDriven\src\test\resources
2020-01-13 11:27:23,841 [Worker-16: Building workspace] WARN  o.e.m.c.i.embedder.EclipseLogger - Using platform encoding (Cp1252 actually) to copy filtered resources, i.e. build is platform dependent!
2020-01-13 11:27:23,848 [Worker-16: Building workspace] INFO  o.e.m.c.i.embedder.EclipseLogger - skip non existing resourceDirectory C:\Users\pc\Desktop\FinMaxQAFinalProject\6Jan\QualtechKeywordDriven\src\main\resources
2020-01-13 11:27:23,850 [Worker-16: Building workspace] WARN  o.e.m.c.i.embedder.EclipseLogger - Using platform encoding (Cp1252 actually) to copy filtered resources, i.e. build is platform dependent!
2020-01-13 11:27:23,859 [Worker-16: Building workspace] INFO  o.e.m.c.i.embedder.EclipseLogger - skip non existing resourceDirectory C:\Users\pc\Desktop\FinMaxQAFinalProject\6Jan\QualtechKeywordDriven\src\test\resources
2020-01-13 11:28:04,708 [Worker-12: Building workspace] WARN  o.e.m.c.i.embedder.EclipseLogger - Using platform encoding (Cp1252 actually) to copy filtered resources, i.e. build is platform dependent!
2020-01-13 11:28:04,716 [Worker-12: Building workspace] INFO  o.e.m.c.i.embedder.EclipseLogger - skip non existing resourceDirectory C:\Users\pc\Desktop\FinMaxQAFinalProject\6Jan\QualtechKeywordDriven\src\main\resources
2020-01-13 11:28:04,718 [Worker-12: Building workspace] WARN  o.e.m.c.i.embedder.EclipseLogger - Using platform encoding (Cp1252 actually) to copy filtered resources, i.e. build is platform dependent!
2020-01-13 11:28:04,726 [Worker-12: Building workspace] INFO  o.e.m.c.i.embedder.EclipseLogger - skip non existing resourceDirectory C:\Users\pc\Desktop\FinMaxQAFinalProject\6Jan\QualtechKeywordDriven\src\test\resources
2020-01-13 11:33:12,223 [Worker-11: Building workspace] WARN  o.e.m.c.i.embedder.EclipseLogger - Using platform encoding (Cp1252 actually) to copy filtered resources, i.e. build is platform dependent!
2020-01-13 11:33:12,242 [Worker-11: Building workspace] INFO  o.e.m.c.i.embedder.EclipseLogger - skip non existing resourceDirectory C:\Users\pc\Desktop\FinMaxQAFinalProject\6Jan\QualtechKeywordDriven\src\main\resources
2020-01-13 11:33:12,243 [Worker-11: Building workspace] WARN  o.e.m.c.i.embedder.EclipseLogger - Using platform encoding (Cp1252 actually) to copy filtered resources, i.e. build is platform dependent!
2020-01-13 11:33:12,251 [Worker-11: Building workspace] INFO  o.e.m.c.i.embedder.EclipseLogger - skip non existing resourceDirectory C:\Users\pc\Desktop\FinMaxQAFinalProject\6Jan\QualtechKeywordDriven\src\test\resources
2020-01-13 11:33:30,517 [Worker-12: Building workspace] WARN  o.e.m.c.i.embedder.EclipseLogger - Using platform encoding (Cp1252 actually) to copy filtered resources, i.e. build is platform dependent!
2020-01-13 11:33:30,523 [Worker-12: Building workspace] INFO  o.e.m.c.i.embedder.EclipseLogger - skip non existing resourceDirectory C:\Users\pc\Desktop\FinMaxQAFinalProject\6Jan\QualtechKeywordDriven\src\main\resources
2020-01-13 11:33:30,524 [Worker-12: Building workspace] WARN  o.e.m.c.i.embedder.EclipseLogger - Using platform encoding (Cp1252 actually) to copy filtered resources, i.e. build is platform dependent!
2020-01-13 11:33:30,530 [Worker-12: Building workspace] INFO  o.e.m.c.i.embedder.EclipseLogger - skip non existing resourceDirectory C:\Users\pc\Desktop\FinMaxQAFinalProject\6Jan\QualtechKeywordDriven\src\test\resources
2020-01-13 11:38:18,431 [Worker-12: Building workspace] WARN  o.e.m.c.i.embedder.EclipseLogger - Using platform encoding (Cp1252 actually) to copy filtered resources, i.e. build is platform dependent!
2020-01-13 11:38:18,439 [Worker-12: Building workspace] INFO  o.e.m.c.i.embedder.EclipseLogger - skip non existing resourceDirectory C:\Users\pc\Desktop\FinMaxQAFinalProject\6Jan\QualtechKeywordDriven\src\main\resources
2020-01-13 11:38:18,441 [Worker-12: Building workspace] WARN  o.e.m.c.i.embedder.EclipseLogger - Using platform encoding (Cp1252 actually) to copy filtered resources, i.e. build is platform dependent!
2020-01-13 11:38:18,448 [Worker-12: Building workspace] INFO  o.e.m.c.i.embedder.EclipseLogger - skip non existing resourceDirectory C:\Users\pc\Desktop\FinMaxQAFinalProject\6Jan\QualtechKeywordDriven\src\test\resources
2020-01-13 11:38:26,511 [Worker-11: Building workspace] WARN  o.e.m.c.i.embedder.EclipseLogger - Using platform encoding (Cp1252 actually) to copy filtered resources, i.e. build is platform dependent!
2020-01-13 11:38:26,516 [Worker-11: Building workspace] INFO  o.e.m.c.i.embedder.EclipseLogger - skip non existing resourceDirectory C:\Users\pc\Desktop\FinMaxQAFinalProject\6Jan\QualtechKeywordDriven\src\main\resources
2020-01-13 11:38:26,517 [Worker-11: Building workspace] WARN  o.e.m.c.i.embedder.EclipseLogger - Using platform encoding (Cp1252 actually) to copy filtered resources, i.e. build is platform dependent!
2020-01-13 11:38:26,522 [Worker-11: Building workspace] INFO  o.e.m.c.i.embedder.EclipseLogger - skip non existing resourceDirectory C:\Users\pc\Desktop\FinMaxQAFinalProject\6Jan\QualtechKeywordDriven\src\test\resources
2020-01-13 12:57:37,179 [Worker-21: Building workspace] WARN  o.e.m.c.i.embedder.EclipseLogger - Using platform encoding (Cp1252 actually) to copy filtered resources, i.e. build is platform dependent!
2020-01-13 12:57:37,195 [Worker-21: Building workspace] INFO  o.e.m.c.i.embedder.EclipseLogger - skip non existing resourceDirectory C:\Users\pc\Desktop\FinMaxQAFinalProject\6Jan\QualtechKeywordDriven\src\main\resources
2020-01-13 12:57:37,195 [Worker-21: Building workspace] WARN  o.e.m.c.i.embedder.EclipseLogger - Using platform encoding (Cp1252 actually) to copy filtered resources, i.e. build is platform dependent!
2020-01-13 12:57:37,195 [Worker-21: Building workspace] INFO  o.e.m.c.i.embedder.EclipseLogger - skip non existing resourceDirectory C:\Users\pc\Desktop\FinMaxQAFinalProject\6Jan\QualtechKeywordDriven\src\test\resources
2020-01-13 12:57:50,011 [Worker-26: Building workspace] WARN  o.e.m.c.i.embedder.EclipseLogger - Using platform encoding (Cp1252 actually) to copy filtered resources, i.e. build is platform dependent!
2020-01-13 12:57:50,011 [Worker-26: Building workspace] INFO  o.e.m.c.i.embedder.EclipseLogger - skip non existing resourceDirectory C:\Users\pc\Desktop\FinMaxQAFinalProject\6Jan\QualtechKeywordDriven\src\main\resources
2020-01-13 12:57:50,011 [Worker-26: Building workspace] WARN  o.e.m.c.i.embedder.EclipseLogger - Using platform encoding (Cp1252 actually) to copy filtered resources, i.e. build is platform dependent!
2020-01-13 12:57:50,026 [Worker-26: Building workspace] INFO  o.e.m.c.i.embedder.EclipseLogger - skip non existing resourceDirectory C:\Users\pc\Desktop\FinMaxQAFinalProject\6Jan\QualtechKeywordDriven\src\test\resources
2020-01-13 12:58:43,457 [Worker-26: Building workspace] WARN  o.e.m.c.i.embedder.EclipseLogger - Using platform encoding (Cp1252 actually) to copy filtered resources, i.e. build is platform dependent!
2020-01-13 12:58:43,457 [Worker-26: Building workspace] INFO  o.e.m.c.i.embedder.EclipseLogger - skip non existing resourceDirectory C:\Users\pc\Desktop\FinMaxQAFinalProject\6Jan\QualtechKeywordDriven\src\main\resources
2020-01-13 12:58:43,457 [Worker-26: Building workspace] WARN  o.e.m.c.i.embedder.EclipseLogger - Using platform encoding (Cp1252 actually) to copy filtered resources, i.e. build is platform dependent!
2020-01-13 12:58:43,473 [Worker-26: Building workspace] INFO  o.e.m.c.i.embedder.EclipseLogger - skip non existing resourceDirectory C:\Users\pc\Desktop\FinMaxQAFinalProject\6Jan\QualtechKeywordDriven\src\test\resources
2020-01-13 12:59:02,251 [Worker-25: Building workspace] WARN  o.e.m.c.i.embedder.EclipseLogger - Using platform encoding (Cp1252 actually) to copy filtered resources, i.e. build is platform dependent!
2020-01-13 12:59:02,251 [Worker-25: Building workspace] INFO  o.e.m.c.i.embedder.EclipseLogger - skip non existing resourceDirectory C:\Users\pc\Desktop\FinMaxQAFinalProject\6Jan\QualtechKeywordDriven\src\main\resources
2020-01-13 12:59:02,251 [Worker-25: Building workspace] WARN  o.e.m.c.i.embedder.EclipseLogger - Using platform encoding (Cp1252 actually) to copy filtered resources, i.e. build is platform dependent!
2020-01-13 12:59:02,251 [Worker-25: Building workspace] INFO  o.e.m.c.i.embedder.EclipseLogger - skip non existing resourceDirectory C:\Users\pc\Desktop\FinMaxQAFinalProject\6Jan\QualtechKeywordDriven\src\test\resources
2020-01-13 12:59:49,356 [Worker-26: Building workspace] WARN  o.e.m.c.i.embedder.EclipseLogger - Using platform encoding (Cp1252 actually) to copy filtered resources, i.e. build is platform dependent!
2020-01-13 12:59:49,356 [Worker-26: Building workspace] INFO  o.e.m.c.i.embedder.EclipseLogger - skip non existing resourceDirectory C:\Users\pc\Desktop\FinMaxQAFinalProject\6Jan\QualtechKeywordDriven\src\main\resources
2020-01-13 12:59:49,356 [Worker-26: Building workspace] WARN  o.e.m.c.i.embedder.EclipseLogger - Using platform encoding (Cp1252 actually) to copy filtered resources, i.e. build is platform dependent!
2020-01-13 12:59:49,371 [Worker-26: Building workspace] INFO  o.e.m.c.i.embedder.EclipseLogger - skip non existing resourceDirectory C:\Users\pc\Desktop\FinMaxQAFinalProject\6Jan\QualtechKeywordDriven\src\test\resources
2020-01-13 13:02:13,042 [Worker-21: Building workspace] WARN  o.e.m.c.i.embedder.EclipseLogger - Using platform encoding (Cp1252 actually) to copy filtered resources, i.e. build is platform dependent!
2020-01-13 13:02:13,058 [Worker-21: Building workspace] INFO  o.e.m.c.i.embedder.EclipseLogger - skip non existing resourceDirectory C:\Users\pc\Desktop\FinMaxQAFinalProject\6Jan\QualtechKeywordDriven\src\main\resources
2020-01-13 13:02:13,058 [Worker-21: Building workspace] WARN  o.e.m.c.i.embedder.EclipseLogger - Using platform encoding (Cp1252 actually) to copy filtered resources, i.e. build is platform dependent!
2020-01-13 13:02:13,058 [Worker-21: Building workspace] INFO  o.e.m.c.i.embedder.EclipseLogger - skip non existing resourceDirectory C:\Users\pc\Desktop\FinMaxQAFinalProject\6Jan\QualtechKeywordDriven\src\test\resources
2020-01-13 13:02:44,862 [Worker-14: Building workspace] WARN  o.e.m.c.i.embedder.EclipseLogger - Using platform encoding (Cp1252 actually) to copy filtered resources, i.e. build is platform dependent!
2020-01-13 13:02:44,878 [Worker-14: Building workspace] INFO  o.e.m.c.i.embedder.EclipseLogger - skip non existing resourceDirectory C:\Users\pc\Desktop\FinMaxQAFinalProject\6Jan\QualtechKeywordDriven\src\main\resources
2020-01-13 13:02:44,878 [Worker-14: Building workspace] WARN  o.e.m.c.i.embedder.EclipseLogger - Using platform encoding (Cp1252 actually) to copy filtered resources, i.e. build is platform dependent!
2020-01-13 13:02:44,878 [Worker-14: Building workspace] INFO  o.e.m.c.i.embedder.EclipseLogger - skip non existing resourceDirectory C:\Users\pc\Desktop\FinMaxQAFinalProject\6Jan\QualtechKeywordDriven\src\test\resources
2020-01-13 13:03:01,956 [Worker-26: Building workspace] WARN  o.e.m.c.i.embedder.EclipseLogger - Using platform encoding (Cp1252 actually) to copy filtered resources, i.e. build is platform dependent!
2020-01-13 13:03:01,971 [Worker-26: Building workspace] INFO  o.e.m.c.i.embedder.EclipseLogger - skip non existing resourceDirectory C:\Users\pc\Desktop\FinMaxQAFinalProject\6Jan\QualtechKeywordDriven\src\main\resources
2020-01-13 13:03:01,971 [Worker-26: Building workspace] WARN  o.e.m.c.i.embedder.EclipseLogger - Using platform encoding (Cp1252 actually) to copy filtered resources, i.e. build is platform dependent!
2020-01-13 13:03:01,971 [Worker-26: Building workspace] INFO  o.e.m.c.i.embedder.EclipseLogger - skip non existing resourceDirectory C:\Users\pc\Desktop\FinMaxQAFinalProject\6Jan\QualtechKeywordDriven\src\test\resources
2020-01-13 13:03:30,023 [Worker-26: Building workspace] WARN  o.e.m.c.i.embedder.EclipseLogger - Using platform encoding (Cp1252 actually) to copy filtered resources, i.e. build is platform dependent!
2020-01-13 13:03:30,023 [Worker-26: Building workspace] INFO  o.e.m.c.i.embedder.EclipseLogger - skip non existing resourceDirectory C:\Users\pc\Desktop\FinMaxQAFinalProject\6Jan\QualtechKeywordDriven\src\main\resources
2020-01-13 13:03:30,023 [Worker-26: Building workspace] WARN  o.e.m.c.i.embedder.EclipseLogger - Using platform encoding (Cp1252 actually) to copy filtered resources, i.e. build is platform dependent!
2020-01-13 13:03:30,039 [Worker-26: Building workspace] INFO  o.e.m.c.i.embedder.EclipseLogger - skip non existing resourceDirectory C:\Users\pc\Desktop\FinMaxQAFinalProject\6Jan\QualtechKeywordDriven\src\test\resources
2020-01-13 13:15:55,053 [Worker-28: Building workspace] WARN  o.e.m.c.i.embedder.EclipseLogger - Using platform encoding (Cp1252 actually) to copy filtered resources, i.e. build is platform dependent!
2020-01-13 13:15:55,053 [Worker-28: Building workspace] INFO  o.e.m.c.i.embedder.EclipseLogger - skip non existing resourceDirectory C:\Users\pc\Desktop\FinMaxQAFinalProject\6Jan\QualtechKeywordDriven\src\main\resources
2020-01-13 13:15:55,053 [Worker-28: Building workspace] WARN  o.e.m.c.i.embedder.EclipseLogger - Using platform encoding (Cp1252 actually) to copy filtered resources, i.e. build is platform dependent!
2020-01-13 13:15:55,068 [Worker-28: Building workspace] INFO  o.e.m.c.i.embedder.EclipseLogger - skip non existing resourceDirectory C:\Users\pc\Desktop\FinMaxQAFinalProject\6Jan\QualtechKeywordDriven\src\test\resources
2020-01-13 13:16:25,118 [Worker-28: Building workspace] WARN  o.e.m.c.i.embedder.EclipseLogger - Using platform encoding (Cp1252 actually) to copy filtered resources, i.e. build is platform dependent!
2020-01-13 13:16:25,134 [Worker-28: Building workspace] INFO  o.e.m.c.i.embedder.EclipseLogger - skip non existing resourceDirectory C:\Users\pc\Desktop\FinMaxQAFinalProject\6Jan\QualtechKeywordDriven\src\main\resources
2020-01-13 13:16:25,134 [Worker-28: Building workspace] WARN  o.e.m.c.i.embedder.EclipseLogger - Using platform encoding (Cp1252 actually) to copy filtered resources, i.e. build is platform dependent!
2020-01-13 13:16:25,134 [Worker-28: Building workspace] INFO  o.e.m.c.i.embedder.EclipseLogger - skip non existing resourceDirectory C:\Users\pc\Desktop\FinMaxQAFinalProject\6Jan\QualtechKeywordDriven\src\test\resources
2020-01-13 13:16:50,296 [Worker-21: Building workspace] WARN  o.e.m.c.i.embedder.EclipseLogger - Using platform encoding (Cp1252 actually) to copy filtered resources, i.e. build is platform dependent!
2020-01-13 13:16:50,296 [Worker-21: Building workspace] INFO  o.e.m.c.i.embedder.EclipseLogger - skip non existing resourceDirectory C:\Users\pc\Desktop\FinMaxQAFinalProject\6Jan\QualtechKeywordDriven\src\main\resources
2020-01-13 13:16:50,296 [Worker-21: Building workspace] WARN  o.e.m.c.i.embedder.EclipseLogger - Using platform encoding (Cp1252 actually) to copy filtered resources, i.e. build is platform dependent!
2020-01-13 13:16:50,312 [Worker-21: Building workspace] INFO  o.e.m.c.i.embedder.EclipseLogger - skip non existing resourceDirectory C:\Users\pc\Desktop\FinMaxQAFinalProject\6Jan\QualtechKeywordDriven\src\test\resources
2020-01-13 13:27:24,575 [Worker-21: Building workspace] WARN  o.e.m.c.i.embedder.EclipseLogger - Using platform encoding (Cp1252 actually) to copy filtered resources, i.e. build is platform dependent!
2020-01-13 13:27:24,590 [Worker-21: Building workspace] INFO  o.e.m.c.i.embedder.EclipseLogger - skip non existing resourceDirectory C:\Users\pc\Desktop\FinMaxQAFinalProject\6Jan\QualtechKeywordDriven\src\main\resources
2020-01-13 13:27:24,590 [Worker-21: Building workspace] WARN  o.e.m.c.i.embedder.EclipseLogger - Using platform encoding (Cp1252 actually) to copy filtered resources, i.e. build is platform dependent!
2020-01-13 13:27:24,590 [Worker-21: Building workspace] INFO  o.e.m.c.i.embedder.EclipseLogger - skip non existing resourceDirectory C:\Users\pc\Desktop\FinMaxQAFinalProject\6Jan\QualtechKeywordDriven\src\test\resources
2020-01-13 13:40:46,151 [Worker-21: Building workspace] WARN  o.e.m.c.i.embedder.EclipseLogger - Using platform encoding (Cp1252 actually) to copy filtered resources, i.e. build is platform dependent!
2020-01-13 13:40:46,167 [Worker-21: Building workspace] INFO  o.e.m.c.i.embedder.EclipseLogger - skip non existing resourceDirectory C:\Users\pc\Desktop\FinMaxQAFinalProject\6Jan\QualtechKeywordDriven\src\main\resources
2020-01-13 13:40:46,167 [Worker-21: Building workspace] WARN  o.e.m.c.i.embedder.EclipseLogger - Using platform encoding (Cp1252 actually) to copy filtered resources, i.e. build is platform dependent!
2020-01-13 13:40:46,167 [Worker-21: Building workspace] INFO  o.e.m.c.i.embedder.EclipseLogger - skip non existing resourceDirectory C:\Users\pc\Desktop\FinMaxQAFinalProject\6Jan\QualtechKeywordDriven\src\test\resources
2020-01-13 13:44:47,294 [Worker-25: Building workspace] WARN  o.e.m.c.i.embedder.EclipseLogger - Using platform encoding (Cp1252 actually) to copy filtered resources, i.e. build is platform dependent!
2020-01-13 13:44:47,309 [Worker-25: Building workspace] INFO  o.e.m.c.i.embedder.EclipseLogger - skip non existing resourceDirectory C:\Users\pc\Desktop\FinMaxQAFinalProject\6Jan\QualtechKeywordDriven\src\main\resources
2020-01-13 13:44:47,309 [Worker-25: Building workspace] WARN  o.e.m.c.i.embedder.EclipseLogger - Using platform encoding (Cp1252 actually) to copy filtered resources, i.e. build is platform dependent!
2020-01-13 13:44:47,309 [Worker-25: Building workspace] INFO  o.e.m.c.i.embedder.EclipseLogger - skip non existing resourceDirectory C:\Users\pc\Desktop\FinMaxQAFinalProject\6Jan\QualtechKeywordDriven\src\test\resources
2020-01-13 13:45:14,584 [Worker-33: Building workspace] WARN  o.e.m.c.i.embedder.EclipseLogger - Using platform encoding (Cp1252 actually) to copy filtered resources, i.e. build is platform dependent!
2020-01-13 13:45:14,584 [Worker-33: Building workspace] INFO  o.e.m.c.i.embedder.EclipseLogger - skip non existing resourceDirectory C:\Users\pc\Desktop\FinMaxQAFinalProject\6Jan\QualtechKeywordDriven\src\main\resources
2020-01-13 13:45:14,600 [Worker-33: Building workspace] WARN  o.e.m.c.i.embedder.EclipseLogger - Using platform encoding (Cp1252 actually) to copy filtered resources, i.e. build is platform dependent!
2020-01-13 13:45:14,600 [Worker-33: Building workspace] INFO  o.e.m.c.i.embedder.EclipseLogger - skip non existing resourceDirectory C:\Users\pc\Desktop\FinMaxQAFinalProject\6Jan\QualtechKeywordDriven\src\test\resources
2020-01-13 13:46:44,764 [Worker-25: Building workspace] WARN  o.e.m.c.i.embedder.EclipseLogger - Using platform encoding (Cp1252 actually) to copy filtered resources, i.e. build is platform dependent!
2020-01-13 13:46:44,764 [Worker-25: Building workspace] INFO  o.e.m.c.i.embedder.EclipseLogger - skip non existing resourceDirectory C:\Users\pc\Desktop\FinMaxQAFinalProject\6Jan\QualtechKeywordDriven\src\main\resources
2020-01-13 13:46:44,764 [Worker-25: Building workspace] WARN  o.e.m.c.i.embedder.EclipseLogger - Using platform encoding (Cp1252 actually) to copy filtered resources, i.e. build is platform dependent!
2020-01-13 13:46:44,780 [Worker-25: Building workspace] INFO  o.e.m.c.i.embedder.EclipseLogger - skip non existing resourceDirectory C:\Users\pc\Desktop\FinMaxQAFinalProject\6Jan\QualtechKeywordDriven\src\test\resources
2020-01-13 13:48:02,088 [Worker-25: Building workspace] WARN  o.e.m.c.i.embedder.EclipseLogger - Using platform encoding (Cp1252 actually) to copy filtered resources, i.e. build is platform dependent!
2020-01-13 13:48:02,103 [Worker-25: Building workspace] INFO  o.e.m.c.i.embedder.EclipseLogger - skip non existing resourceDirectory C:\Users\pc\Desktop\FinMaxQAFinalProject\6Jan\QualtechKeywordDriven\src\main\resources
2020-01-13 13:48:02,103 [Worker-25: Building workspace] WARN  o.e.m.c.i.embedder.EclipseLogger - Using platform encoding (Cp1252 actually) to copy filtered resources, i.e. build is platform dependent!
2020-01-13 13:48:02,103 [Worker-25: Building workspace] INFO  o.e.m.c.i.embedder.EclipseLogger - skip non existing resourceDirectory C:\Users\pc\Desktop\FinMaxQAFinalProject\6Jan\QualtechKeywordDriven\src\test\resources
2020-01-13 13:58:12,703 [Worker-34: Building workspace] WARN  o.e.m.c.i.embedder.EclipseLogger - Using platform encoding (Cp1252 actually) to copy filtered resources, i.e. build is platform dependent!
2020-01-13 13:58:12,719 [Worker-34: Building workspace] INFO  o.e.m.c.i.embedder.EclipseLogger - skip non existing resourceDirectory C:\Users\pc\Desktop\FinMaxQAFinalProject\6Jan\QualtechKeywordDriven\src\main\resources
2020-01-13 13:58:12,719 [Worker-34: Building workspace] WARN  o.e.m.c.i.embedder.EclipseLogger - Using platform encoding (Cp1252 actually) to copy filtered resources, i.e. build is platform dependent!
2020-01-13 13:58:12,719 [Worker-34: Building workspace] INFO  o.e.m.c.i.embedder.EclipseLogger - skip non existing resourceDirectory C:\Users\pc\Desktop\FinMaxQAFinalProject\6Jan\QualtechKeywordDriven\src\test\resources
2020-01-13 13:58:33,086 [Worker-25: Building workspace] WARN  o.e.m.c.i.embedder.EclipseLogger - Using platform encoding (Cp1252 actually) to copy filtered resources, i.e. build is platform dependent!
2020-01-13 13:58:33,102 [Worker-25: Building workspace] INFO  o.e.m.c.i.embedder.EclipseLogger - skip non existing resourceDirectory C:\Users\pc\Desktop\FinMaxQAFinalProject\6Jan\QualtechKeywordDriven\src\main\resources
2020-01-13 13:58:33,102 [Worker-25: Building workspace] WARN  o.e.m.c.i.embedder.EclipseLogger - Using platform encoding (Cp1252 actually) to copy filtered resources, i.e. build is platform dependent!
2020-01-13 13:58:33,102 [Worker-25: Building workspace] INFO  o.e.m.c.i.embedder.EclipseLogger - skip non existing resourceDirectory C:\Users\pc\Desktop\FinMaxQAFinalProject\6Jan\QualtechKeywordDriven\src\test\resources
2020-01-13 14:53:24,721 [Worker-27: Building workspace] WARN  o.e.m.c.i.embedder.EclipseLogger - Using platform encoding (Cp1252 actually) to copy filtered resources, i.e. build is platform dependent!
2020-01-13 14:53:24,737 [Worker-27: Building workspace] INFO  o.e.m.c.i.embedder.EclipseLogger - skip non existing resourceDirectory C:\Users\pc\Desktop\FinMaxQAFinalProject\6Jan\QualtechKeywordDriven\src\main\resources
2020-01-13 14:53:24,737 [Worker-27: Building workspace] WARN  o.e.m.c.i.embedder.EclipseLogger - Using platform encoding (Cp1252 actually) to copy filtered resources, i.e. build is platform dependent!
2020-01-13 14:53:24,737 [Worker-27: Building workspace] INFO  o.e.m.c.i.embedder.EclipseLogger - skip non existing resourceDirectory C:\Users\pc\Desktop\FinMaxQAFinalProject\6Jan\QualtechKeywordDriven\src\test\resources
2020-01-13 14:54:45,031 [Worker-27: Building workspace] WARN  o.e.m.c.i.embedder.EclipseLogger - Using platform encoding (Cp1252 actually) to copy filtered resources, i.e. build is platform dependent!
2020-01-13 14:54:45,031 [Worker-27: Building workspace] INFO  o.e.m.c.i.embedder.EclipseLogger - skip non existing resourceDirectory C:\Users\pc\Desktop\FinMaxQAFinalProject\6Jan\QualtechKeywordDriven\src\main\resources
2020-01-13 14:54:45,031 [Worker-27: Building workspace] WARN  o.e.m.c.i.embedder.EclipseLogger - Using platform encoding (Cp1252 actually) to copy filtered resources, i.e. build is platform dependent!
2020-01-13 14:54:45,031 [Worker-27: Building workspace] INFO  o.e.m.c.i.embedder.EclipseLogger - skip non existing resourceDirectory C:\Users\pc\Desktop\FinMaxQAFinalProject\6Jan\QualtechKeywordDriven\src\test\resources
2020-01-13 14:55:10,680 [Worker-37: Building workspace] WARN  o.e.m.c.i.embedder.EclipseLogger - Using platform encoding (Cp1252 actually) to copy filtered resources, i.e. build is platform dependent!
2020-01-13 14:55:10,680 [Worker-37: Building workspace] INFO  o.e.m.c.i.embedder.EclipseLogger - skip non existing resourceDirectory C:\Users\pc\Desktop\FinMaxQAFinalProject\6Jan\QualtechKeywordDriven\src\main\resources
2020-01-13 14:55:10,680 [Worker-37: Building workspace] WARN  o.e.m.c.i.embedder.EclipseLogger - Using platform encoding (Cp1252 actually) to copy filtered resources, i.e. build is platform dependent!
2020-01-13 14:55:10,680 [Worker-37: Building workspace] INFO  o.e.m.c.i.embedder.EclipseLogger - skip non existing resourceDirectory C:\Users\pc\Desktop\FinMaxQAFinalProject\6Jan\QualtechKeywordDriven\src\test\resources
2020-01-13 14:55:29,080 [Worker-21: Building workspace] WARN  o.e.m.c.i.embedder.EclipseLogger - Using platform encoding (Cp1252 actually) to copy filtered resources, i.e. build is platform dependent!
2020-01-13 14:55:29,080 [Worker-21: Building workspace] INFO  o.e.m.c.i.embedder.EclipseLogger - skip non existing resourceDirectory C:\Users\pc\Desktop\FinMaxQAFinalProject\6Jan\QualtechKeywordDriven\src\main\resources
2020-01-13 14:55:29,080 [Worker-21: Building workspace] WARN  o.e.m.c.i.embedder.EclipseLogger - Using platform encoding (Cp1252 actually) to copy filtered resources, i.e. build is platform dependent!
2020-01-13 14:55:29,096 [Worker-21: Building workspace] INFO  o.e.m.c.i.embedder.EclipseLogger - skip non existing resourceDirectory C:\Users\pc\Desktop\FinMaxQAFinalProject\6Jan\QualtechKeywordDriven\src\test\resources
2020-01-13 14:55:48,904 [Worker-25: Building workspace] WARN  o.e.m.c.i.embedder.EclipseLogger - Using platform encoding (Cp1252 actually) to copy filtered resources, i.e. build is platform dependent!
2020-01-13 14:55:48,904 [Worker-25: Building workspace] INFO  o.e.m.c.i.embedder.EclipseLogger - skip non existing resourceDirectory C:\Users\pc\Desktop\FinMaxQAFinalProject\6Jan\QualtechKeywordDriven\src\main\resources
2020-01-13 14:55:48,904 [Worker-25: Building workspace] WARN  o.e.m.c.i.embedder.EclipseLogger - Using platform encoding (Cp1252 actually) to copy filtered resources, i.e. build is platform dependent!
2020-01-13 14:55:48,919 [Worker-25: Building workspace] INFO  o.e.m.c.i.embedder.EclipseLogger - skip non existing resourceDirectory C:\Users\pc\Desktop\FinMaxQAFinalProject\6Jan\QualtechKeywordDriven\src\test\resources
2020-01-13 14:56:02,563 [Worker-37: Building workspace] WARN  o.e.m.c.i.embedder.EclipseLogger - Using platform encoding (Cp1252 actually) to copy filtered resources, i.e. build is platform dependent!
2020-01-13 14:56:02,563 [Worker-37: Building workspace] INFO  o.e.m.c.i.embedder.EclipseLogger - skip non existing resourceDirectory C:\Users\pc\Desktop\FinMaxQAFinalProject\6Jan\QualtechKeywordDriven\src\main\resources
2020-01-13 14:56:02,563 [Worker-37: Building workspace] WARN  o.e.m.c.i.embedder.EclipseLogger - Using platform encoding (Cp1252 actually) to copy filtered resources, i.e. build is platform dependent!
2020-01-13 14:56:02,579 [Worker-37: Building workspace] INFO  o.e.m.c.i.embedder.EclipseLogger - skip non existing resourceDirectory C:\Users\pc\Desktop\FinMaxQAFinalProject\6Jan\QualtechKeywordDriven\src\test\resources
2020-01-13 14:56:24,652 [Worker-37: Building workspace] WARN  o.e.m.c.i.embedder.EclipseLogger - Using platform encoding (Cp1252 actually) to copy filtered resources, i.e. build is platform dependent!
2020-01-13 14:56:24,652 [Worker-37: Building workspace] INFO  o.e.m.c.i.embedder.EclipseLogger - skip non existing resourceDirectory C:\Users\pc\Desktop\FinMaxQAFinalProject\6Jan\QualtechKeywordDriven\src\main\resources
2020-01-13 14:56:24,652 [Worker-37: Building workspace] WARN  o.e.m.c.i.embedder.EclipseLogger - Using platform encoding (Cp1252 actually) to copy filtered resources, i.e. build is platform dependent!
2020-01-13 14:56:24,652 [Worker-37: Building workspace] INFO  o.e.m.c.i.embedder.EclipseLogger - skip non existing resourceDirectory C:\Users\pc\Desktop\FinMaxQAFinalProject\6Jan\QualtechKeywordDriven\src\test\resources
2020-01-13 14:56:48,119 [Worker-32: Building workspace] WARN  o.e.m.c.i.embedder.EclipseLogger - Using platform encoding (Cp1252 actually) to copy filtered resources, i.e. build is platform dependent!
2020-01-13 14:56:48,119 [Worker-32: Building workspace] INFO  o.e.m.c.i.embedder.EclipseLogger - skip non existing resourceDirectory C:\Users\pc\Desktop\FinMaxQAFinalProject\6Jan\QualtechKeywordDriven\src\main\resources
2020-01-13 14:56:48,119 [Worker-32: Building workspace] WARN  o.e.m.c.i.embedder.EclipseLogger - Using platform encoding (Cp1252 actually) to copy filtered resources, i.e. build is platform dependent!
2020-01-13 14:56:48,119 [Worker-32: Building workspace] INFO  o.e.m.c.i.embedder.EclipseLogger - skip non existing resourceDirectory C:\Users\pc\Desktop\FinMaxQAFinalProject\6Jan\QualtechKeywordDriven\src\test\resources
2020-01-13 15:01:40,956 [Worker-27: Building workspace] WARN  o.e.m.c.i.embedder.EclipseLogger - Using platform encoding (Cp1252 actually) to copy filtered resources, i.e. build is platform dependent!
2020-01-13 15:01:40,956 [Worker-27: Building workspace] INFO  o.e.m.c.i.embedder.EclipseLogger - skip non existing resourceDirectory C:\Users\pc\Desktop\FinMaxQAFinalProject\6Jan\QualtechKeywordDriven\src\main\resources
2020-01-13 15:01:40,971 [Worker-27: Building workspace] WARN  o.e.m.c.i.embedder.EclipseLogger - Using platform encoding (Cp1252 actually) to copy filtered resources, i.e. build is platform dependent!
2020-01-13 15:01:40,971 [Worker-27: Building workspace] INFO  o.e.m.c.i.embedder.EclipseLogger - skip non existing resourceDirectory C:\Users\pc\Desktop\FinMaxQAFinalProject\6Jan\QualtechKeywordDriven\src\test\resources
2020-01-13 15:14:15,297 [Worker-32: Building workspace] WARN  o.e.m.c.i.embedder.EclipseLogger - Using platform encoding (Cp1252 actually) to copy filtered resources, i.e. build is platform dependent!
2020-01-13 15:14:15,297 [Worker-32: Building workspace] INFO  o.e.m.c.i.embedder.EclipseLogger - skip non existing resourceDirectory C:\Users\pc\Desktop\FinMaxQAFinalProject\6Jan\QualtechKeywordDriven\src\main\resources
2020-01-13 15:14:15,297 [Worker-32: Building workspace] WARN  o.e.m.c.i.embedder.EclipseLogger - Using platform encoding (Cp1252 actually) to copy filtered resources, i.e. build is platform dependent!
2020-01-13 15:14:15,313 [Worker-32: Building workspace] INFO  o.e.m.c.i.embedder.EclipseLogger - skip non existing resourceDirectory C:\Users\pc\Desktop\FinMaxQAFinalProject\6Jan\QualtechKeywordDriven\src\test\resources
2020-01-13 15:15:08,149 [Worker-21: Building workspace] WARN  o.e.m.c.i.embedder.EclipseLogger - Using platform encoding (Cp1252 actually) to copy filtered resources, i.e. build is platform dependent!
2020-01-13 15:15:08,149 [Worker-21: Building workspace] INFO  o.e.m.c.i.embedder.EclipseLogger - skip non existing resourceDirectory C:\Users\pc\Desktop\FinMaxQAFinalProject\6Jan\QualtechKeywordDriven\src\main\resources
2020-01-13 15:15:08,149 [Worker-21: Building workspace] WARN  o.e.m.c.i.embedder.EclipseLogger - Using platform encoding (Cp1252 actually) to copy filtered resources, i.e. build is platform dependent!
2020-01-13 15:15:08,164 [Worker-21: Building workspace] INFO  o.e.m.c.i.embedder.EclipseLogger - skip non existing resourceDirectory C:\Users\pc\Desktop\FinMaxQAFinalProject\6Jan\QualtechKeywordDriven\src\test\resources
2020-01-13 15:26:04,606 [Worker-21: Building workspace] WARN  o.e.m.c.i.embedder.EclipseLogger - Using platform encoding (Cp1252 actually) to copy filtered resources, i.e. build is platform dependent!
2020-01-13 15:26:04,606 [Worker-21: Building workspace] INFO  o.e.m.c.i.embedder.EclipseLogger - skip non existing resourceDirectory C:\Users\pc\Desktop\FinMaxQAFinalProject\6Jan\QualtechKeywordDriven\src\main\resources
2020-01-13 15:26:04,606 [Worker-21: Building workspace] WARN  o.e.m.c.i.embedder.EclipseLogger - Using platform encoding (Cp1252 actually) to copy filtered resources, i.e. build is platform dependent!
2020-01-13 15:26:04,621 [Worker-21: Building workspace] INFO  o.e.m.c.i.embedder.EclipseLogger - skip non existing resourceDirectory C:\Users\pc\Desktop\FinMaxQAFinalProject\6Jan\QualtechKeywordDriven\src\test\resources
2020-01-13 15:26:23,164 [Worker-38: Building workspace] WARN  o.e.m.c.i.embedder.EclipseLogger - Using platform encoding (Cp1252 actually) to copy filtered resources, i.e. build is platform dependent!
2020-01-13 15:26:23,180 [Worker-38: Building workspace] INFO  o.e.m.c.i.embedder.EclipseLogger - skip non existing resourceDirectory C:\Users\pc\Desktop\FinMaxQAFinalProject\6Jan\QualtechKeywordDriven\src\main\resources
2020-01-13 15:26:23,180 [Worker-38: Building workspace] WARN  o.e.m.c.i.embedder.EclipseLogger - Using platform encoding (Cp1252 actually) to copy filtered resources, i.e. build is platform dependent!
2020-01-13 15:26:23,180 [Worker-38: Building workspace] INFO  o.e.m.c.i.embedder.EclipseLogger - skip non existing resourceDirectory C:\Users\pc\Desktop\FinMaxQAFinalProject\6Jan\QualtechKeywordDriven\src\test\resources
2020-01-13 15:26:58,544 [Worker-38: Building workspace] WARN  o.e.m.c.i.embedder.EclipseLogger - Using platform encoding (Cp1252 actually) to copy filtered resources, i.e. build is platform dependent!
2020-01-13 15:26:58,544 [Worker-38: Building workspace] INFO  o.e.m.c.i.embedder.EclipseLogger - skip non existing resourceDirectory C:\Users\pc\Desktop\FinMaxQAFinalProject\6Jan\QualtechKeywordDriven\src\main\resources
2020-01-13 15:26:58,544 [Worker-38: Building workspace] WARN  o.e.m.c.i.embedder.EclipseLogger - Using platform encoding (Cp1252 actually) to copy filtered resources, i.e. build is platform dependent!
2020-01-13 15:26:58,544 [Worker-38: Building workspace] INFO  o.e.m.c.i.embedder.EclipseLogger - skip non existing resourceDirectory C:\Users\pc\Desktop\FinMaxQAFinalProject\6Jan\QualtechKeywordDriven\src\test\resources
2020-01-13 15:28:49,806 [Worker-27: Building workspace] WARN  o.e.m.c.i.embedder.EclipseLogger - Using platform encoding (Cp1252 actually) to copy filtered resources, i.e. build is platform dependent!
2020-01-13 15:28:49,806 [Worker-27: Building workspace] INFO  o.e.m.c.i.embedder.EclipseLogger - skip non existing resourceDirectory C:\Users\pc\Desktop\FinMaxQAFinalProject\6Jan\QualtechKeywordDriven\src\main\resources
2020-01-13 15:28:49,806 [Worker-27: Building workspace] WARN  o.e.m.c.i.embedder.EclipseLogger - Using platform encoding (Cp1252 actually) to copy filtered resources, i.e. build is platform dependent!
2020-01-13 15:28:49,806 [Worker-27: Building workspace] INFO  o.e.m.c.i.embedder.EclipseLogger - skip non existing resourceDirectory C:\Users\pc\Desktop\FinMaxQAFinalProject\6Jan\QualtechKeywordDriven\src\test\resources
2020-01-15 15:23:31,966 [Worker-8: Loading available Gradle versions] INFO  c.g.t.t.d.PublishedGradleVersions - Gradle version information cache is up-to-date. Trying to read.
2020-01-15 15:23:40,401 [Worker-14: Building workspace] WARN  o.e.m.c.i.embedder.EclipseLogger - Using platform encoding (Cp1252 actually) to copy filtered resources, i.e. build is platform dependent!
2020-01-15 15:23:40,407 [Worker-14: Building workspace] INFO  o.e.m.c.i.embedder.EclipseLogger - skip non existing resourceDirectory C:\Users\pc\Desktop\FinMaxQAFinalProject\6Jan\QualtechKeywordDriven\src\main\resources
2020-01-15 15:23:40,409 [Worker-14: Building workspace] WARN  o.e.m.c.i.embedder.EclipseLogger - Using platform encoding (Cp1252 actually) to copy filtered resources, i.e. build is platform dependent!
2020-01-15 15:23:40,414 [Worker-14: Building workspace] INFO  o.e.m.c.i.embedder.EclipseLogger - skip non existing resourceDirectory C:\Users\pc\Desktop\FinMaxQAFinalProject\6Jan\QualtechKeywordDriven\src\test\resources
2020-01-15 15:23:50,408 [Worker-10: Building workspace] WARN  o.e.m.c.i.embedder.EclipseLogger - Using platform encoding (Cp1252 actually) to copy filtered resources, i.e. build is platform dependent!
2020-01-15 15:23:50,425 [Worker-10: Building workspace] INFO  o.e.m.c.i.embedder.EclipseLogger - skip non existing resourceDirectory C:\Users\pc\Desktop\FinMaxQAFinalProject\6Jan\QualtechKeywordDriven\src\main\resources
2020-01-15 15:23:50,426 [Worker-10: Building workspace] WARN  o.e.m.c.i.embedder.EclipseLogger - Using platform encoding (Cp1252 actually) to copy filtered resources, i.e. build is platform dependent!
2020-01-15 15:23:50,437 [Worker-10: Building workspace] INFO  o.e.m.c.i.embedder.EclipseLogger - skip non existing resourceDirectory C:\Users\pc\Desktop\FinMaxQAFinalProject\6Jan\QualtechKeywordDriven\src\test\resources
