2020-01-06 10:20:08,340 [Worker-4] INFO  c.g.t.t.d.PublishedGradleVersions - Gradle version information cache is out-of-date. Trying to update.
2020-01-06 10:21:26,456 [Worker-7] INFO  o.e.m.c.i.l.LifecycleMappingFactory - Using org.eclipse.m2e.jdt.JarLifecycleMapping lifecycle mapping for MavenProject: qualtechedge:qualtech:0.0.1-SNAPSHOT @ C:\Users\qualtech\Desktop\6Jan\QualtechKeywordDriven\pom.xml.
2020-01-06 10:21:28,957 [Worker-7] INFO  o.e.m.j.i.AbstractJavaProjectConfigurator - Adding source folder /QualtechKeywordDriven/src/main/java
2020-01-06 10:21:28,958 [Worker-7] INFO  o.e.m.j.i.AbstractJavaProjectConfigurator - Adding source folder /QualtechKeywordDriven/src/test/java
2020-01-06 10:21:29,812 [Worker-7] INFO  o.e.m.c.i.p.ProjectConfigurationManager - Imported and configured 1 project(s) in 6 sec
2020-01-06 10:21:33,403 [Worker-2] WARN  o.e.m.c.i.embedder.EclipseLogger - Using platform encoding (Cp1252 actually) to copy filtered resources, i.e. build is platform dependent!
2020-01-06 10:21:33,411 [Worker-2] INFO  o.e.m.c.i.embedder.EclipseLogger - skip non existing resourceDirectory C:\Users\qualtech\Desktop\6Jan\QualtechKeywordDriven\src\main\resources
2020-01-06 10:21:33,414 [Worker-2] WARN  o.e.m.c.i.embedder.EclipseLogger - Using platform encoding (Cp1252 actually) to copy filtered resources, i.e. build is platform dependent!
2020-01-06 10:21:33,414 [Worker-2] INFO  o.e.m.c.i.embedder.EclipseLogger - skip non existing resourceDirectory C:\Users\qualtech\Desktop\6Jan\QualtechKeywordDriven\src\test\resources
2020-01-06 10:21:48,467 [Worker-10] WARN  o.e.m.c.i.embedder.EclipseLogger - Using platform encoding (Cp1252 actually) to copy filtered resources, i.e. build is platform dependent!
2020-01-06 10:21:48,468 [Worker-10] INFO  o.e.m.c.i.embedder.EclipseLogger - skip non existing resourceDirectory C:\Users\qualtech\Desktop\6Jan\QualtechKeywordDriven\src\main\resources
2020-01-06 10:21:48,469 [Worker-10] WARN  o.e.m.c.i.embedder.EclipseLogger - Using platform encoding (Cp1252 actually) to copy filtered resources, i.e. build is platform dependent!
2020-01-06 10:21:48,470 [Worker-10] INFO  o.e.m.c.i.embedder.EclipseLogger - skip non existing resourceDirectory C:\Users\qualtech\Desktop\6Jan\QualtechKeywordDriven\src\test\resources
2020-01-06 10:21:56,856 [Worker-11] WARN  o.e.m.c.i.embedder.EclipseLogger - Using platform encoding (Cp1252 actually) to copy filtered resources, i.e. build is platform dependent!
2020-01-06 10:21:56,857 [Worker-11] INFO  o.e.m.c.i.embedder.EclipseLogger - skip non existing resourceDirectory C:\Users\qualtech\Desktop\6Jan\QualtechKeywordDriven\src\main\resources
2020-01-06 10:21:56,859 [Worker-11] WARN  o.e.m.c.i.embedder.EclipseLogger - Using platform encoding (Cp1252 actually) to copy filtered resources, i.e. build is platform dependent!
2020-01-06 10:21:56,860 [Worker-11] INFO  o.e.m.c.i.embedder.EclipseLogger - skip non existing resourceDirectory C:\Users\qualtech\Desktop\6Jan\QualtechKeywordDriven\src\test\resources
2020-01-06 10:32:31,651 [Worker-3] INFO  c.g.t.t.d.PublishedGradleVersions - Gradle version information cache is up-to-date. Trying to read.
2020-01-06 10:32:39,918 [Worker-7] INFO  o.e.m.c.i.l.LifecycleMappingFactory - Using org.eclipse.m2e.jdt.JarLifecycleMapping lifecycle mapping for MavenProject: qualtechedge:qualtech:0.0.1-SNAPSHOT @ C:\Users\qualtech\Desktop\6Jan\QualtechKeywordDriven\pom.xml.
2020-01-06 10:32:44,673 [Worker-10] WARN  o.e.m.c.i.embedder.EclipseLogger - Using platform encoding (Cp1252 actually) to copy filtered resources, i.e. build is platform dependent!
2020-01-06 10:32:44,675 [Worker-10] INFO  o.e.m.c.i.embedder.EclipseLogger - skip non existing resourceDirectory C:\Users\qualtech\Desktop\6Jan\QualtechKeywordDriven\src\main\resources
2020-01-06 10:32:44,678 [Worker-10] WARN  o.e.m.c.i.embedder.EclipseLogger - Using platform encoding (Cp1252 actually) to copy filtered resources, i.e. build is platform dependent!
2020-01-06 10:32:44,679 [Worker-10] INFO  o.e.m.c.i.embedder.EclipseLogger - skip non existing resourceDirectory C:\Users\qualtech\Desktop\6Jan\QualtechKeywordDriven\src\test\resources
2020-01-06 11:19:06,703 [Worker-18] WARN  o.e.m.c.i.embedder.EclipseLogger - Using platform encoding (Cp1252 actually) to copy filtered resources, i.e. build is platform dependent!
2020-01-06 11:19:06,718 [Worker-18] INFO  o.e.m.c.i.embedder.EclipseLogger - skip non existing resourceDirectory C:\Users\qualtech\Desktop\6Jan\QualtechKeywordDriven\src\main\resources
2020-01-06 11:19:06,718 [Worker-18] WARN  o.e.m.c.i.embedder.EclipseLogger - Using platform encoding (Cp1252 actually) to copy filtered resources, i.e. build is platform dependent!
2020-01-06 11:19:06,718 [Worker-18] INFO  o.e.m.c.i.embedder.EclipseLogger - skip non existing resourceDirectory C:\Users\qualtech\Desktop\6Jan\QualtechKeywordDriven\src\test\resources
2020-01-06 11:19:10,624 [Worker-25] WARN  o.e.m.c.i.embedder.EclipseLogger - Using platform encoding (Cp1252 actually) to copy filtered resources, i.e. build is platform dependent!
2020-01-06 11:19:10,624 [Worker-25] INFO  o.e.m.c.i.embedder.EclipseLogger - skip non existing resourceDirectory C:\Users\qualtech\Desktop\6Jan\QualtechKeywordDriven\src\main\resources
2020-01-06 11:19:10,624 [Worker-25] WARN  o.e.m.c.i.embedder.EclipseLogger - Using platform encoding (Cp1252 actually) to copy filtered resources, i.e. build is platform dependent!
2020-01-06 11:19:10,624 [Worker-25] INFO  o.e.m.c.i.embedder.EclipseLogger - skip non existing resourceDirectory C:\Users\qualtech\Desktop\6Jan\QualtechKeywordDriven\src\test\resources
2020-01-06 11:56:18,222 [Worker-31] WARN  o.e.m.c.i.embedder.EclipseLogger - Using platform encoding (Cp1252 actually) to copy filtered resources, i.e. build is platform dependent!
2020-01-06 11:56:18,222 [Worker-31] INFO  o.e.m.c.i.embedder.EclipseLogger - skip non existing resourceDirectory C:\Users\qualtech\Desktop\6Jan\QualtechKeywordDriven\src\main\resources
2020-01-06 11:56:18,222 [Worker-31] WARN  o.e.m.c.i.embedder.EclipseLogger - Using platform encoding (Cp1252 actually) to copy filtered resources, i.e. build is platform dependent!
2020-01-06 11:56:18,222 [Worker-31] INFO  o.e.m.c.i.embedder.EclipseLogger - skip non existing resourceDirectory C:\Users\qualtech\Desktop\6Jan\QualtechKeywordDriven\src\test\resources
2020-01-06 11:59:26,821 [Worker-32] WARN  o.e.m.c.i.embedder.EclipseLogger - Using platform encoding (Cp1252 actually) to copy filtered resources, i.e. build is platform dependent!
2020-01-06 11:59:26,821 [Worker-32] INFO  o.e.m.c.i.embedder.EclipseLogger - skip non existing resourceDirectory C:\Users\qualtech\Desktop\6Jan\QualtechKeywordDriven\src\main\resources
2020-01-06 11:59:26,821 [Worker-32] WARN  o.e.m.c.i.embedder.EclipseLogger - Using platform encoding (Cp1252 actually) to copy filtered resources, i.e. build is platform dependent!
2020-01-06 11:59:26,821 [Worker-32] INFO  o.e.m.c.i.embedder.EclipseLogger - skip non existing resourceDirectory C:\Users\qualtech\Desktop\6Jan\QualtechKeywordDriven\src\test\resources
2020-01-06 12:22:14,338 [Worker-38] WARN  o.e.m.c.i.embedder.EclipseLogger - Using platform encoding (Cp1252 actually) to copy filtered resources, i.e. build is platform dependent!
2020-01-06 12:22:14,338 [Worker-38] INFO  o.e.m.c.i.embedder.EclipseLogger - skip non existing resourceDirectory C:\Users\qualtech\Desktop\6Jan\QualtechKeywordDriven\src\main\resources
2020-01-06 12:22:14,338 [Worker-38] WARN  o.e.m.c.i.embedder.EclipseLogger - Using platform encoding (Cp1252 actually) to copy filtered resources, i.e. build is platform dependent!
2020-01-06 12:22:14,338 [Worker-38] INFO  o.e.m.c.i.embedder.EclipseLogger - skip non existing resourceDirectory C:\Users\qualtech\Desktop\6Jan\QualtechKeywordDriven\src\test\resources
2020-01-06 12:33:08,246 [Worker-43] WARN  o.e.m.c.i.embedder.EclipseLogger - Using platform encoding (Cp1252 actually) to copy filtered resources, i.e. build is platform dependent!
2020-01-06 12:33:08,246 [Worker-43] INFO  o.e.m.c.i.embedder.EclipseLogger - skip non existing resourceDirectory C:\Users\qualtech\Desktop\6Jan\QualtechKeywordDriven\src\main\resources
2020-01-06 12:33:08,246 [Worker-43] WARN  o.e.m.c.i.embedder.EclipseLogger - Using platform encoding (Cp1252 actually) to copy filtered resources, i.e. build is platform dependent!
2020-01-06 12:33:08,246 [Worker-43] INFO  o.e.m.c.i.embedder.EclipseLogger - skip non existing resourceDirectory C:\Users\qualtech\Desktop\6Jan\QualtechKeywordDriven\src\test\resources
2020-01-06 12:35:36,411 [Worker-48] WARN  o.e.m.c.i.embedder.EclipseLogger - Using platform encoding (Cp1252 actually) to copy filtered resources, i.e. build is platform dependent!
2020-01-06 12:35:36,411 [Worker-48] INFO  o.e.m.c.i.embedder.EclipseLogger - skip non existing resourceDirectory C:\Users\qualtech\Desktop\6Jan\QualtechKeywordDriven\src\main\resources
2020-01-06 12:35:36,411 [Worker-48] WARN  o.e.m.c.i.embedder.EclipseLogger - Using platform encoding (Cp1252 actually) to copy filtered resources, i.e. build is platform dependent!
2020-01-06 12:35:36,427 [Worker-48] INFO  o.e.m.c.i.embedder.EclipseLogger - skip non existing resourceDirectory C:\Users\qualtech\Desktop\6Jan\QualtechKeywordDriven\src\test\resources
2020-01-06 12:42:48,029 [Worker-48] WARN  o.e.m.c.i.embedder.EclipseLogger - Using platform encoding (Cp1252 actually) to copy filtered resources, i.e. build is platform dependent!
2020-01-06 12:42:48,029 [Worker-48] INFO  o.e.m.c.i.embedder.EclipseLogger - skip non existing resourceDirectory C:\Users\qualtech\Desktop\6Jan\QualtechKeywordDriven\src\main\resources
2020-01-06 12:42:48,029 [Worker-48] WARN  o.e.m.c.i.embedder.EclipseLogger - Using platform encoding (Cp1252 actually) to copy filtered resources, i.e. build is platform dependent!
2020-01-06 12:42:48,029 [Worker-48] INFO  o.e.m.c.i.embedder.EclipseLogger - skip non existing resourceDirectory C:\Users\qualtech\Desktop\6Jan\QualtechKeywordDriven\src\test\resources
2020-01-06 12:46:00,040 [Worker-50] WARN  o.e.m.c.i.embedder.EclipseLogger - Using platform encoding (Cp1252 actually) to copy filtered resources, i.e. build is platform dependent!
2020-01-06 12:46:00,040 [Worker-50] INFO  o.e.m.c.i.embedder.EclipseLogger - skip non existing resourceDirectory C:\Users\qualtech\Desktop\6Jan\QualtechKeywordDriven\src\main\resources
2020-01-06 12:46:00,056 [Worker-50] WARN  o.e.m.c.i.embedder.EclipseLogger - Using platform encoding (Cp1252 actually) to copy filtered resources, i.e. build is platform dependent!
2020-01-06 12:46:00,056 [Worker-50] INFO  o.e.m.c.i.embedder.EclipseLogger - skip non existing resourceDirectory C:\Users\qualtech\Desktop\6Jan\QualtechKeywordDriven\src\test\resources
2020-01-06 12:53:41,426 [Worker-54] WARN  o.e.m.c.i.embedder.EclipseLogger - Using platform encoding (Cp1252 actually) to copy filtered resources, i.e. build is platform dependent!
2020-01-06 12:53:41,426 [Worker-54] INFO  o.e.m.c.i.embedder.EclipseLogger - skip non existing resourceDirectory C:\Users\qualtech\Desktop\6Jan\QualtechKeywordDriven\src\main\resources
2020-01-06 12:53:41,426 [Worker-54] WARN  o.e.m.c.i.embedder.EclipseLogger - Using platform encoding (Cp1252 actually) to copy filtered resources, i.e. build is platform dependent!
2020-01-06 12:53:41,426 [Worker-54] INFO  o.e.m.c.i.embedder.EclipseLogger - skip non existing resourceDirectory C:\Users\qualtech\Desktop\6Jan\QualtechKeywordDriven\src\test\resources
2020-01-06 12:56:35,034 [Worker-53] WARN  o.e.m.c.i.embedder.EclipseLogger - Using platform encoding (Cp1252 actually) to copy filtered resources, i.e. build is platform dependent!
2020-01-06 12:56:35,034 [Worker-53] INFO  o.e.m.c.i.embedder.EclipseLogger - skip non existing resourceDirectory C:\Users\qualtech\Desktop\6Jan\QualtechKeywordDriven\src\main\resources
2020-01-06 12:56:35,034 [Worker-53] WARN  o.e.m.c.i.embedder.EclipseLogger - Using platform encoding (Cp1252 actually) to copy filtered resources, i.e. build is platform dependent!
2020-01-06 12:56:35,034 [Worker-53] INFO  o.e.m.c.i.embedder.EclipseLogger - skip non existing resourceDirectory C:\Users\qualtech\Desktop\6Jan\QualtechKeywordDriven\src\test\resources
2020-01-06 13:06:38,476 [Worker-58] WARN  o.e.m.c.i.embedder.EclipseLogger - Using platform encoding (Cp1252 actually) to copy filtered resources, i.e. build is platform dependent!
2020-01-06 13:06:38,476 [Worker-58] INFO  o.e.m.c.i.embedder.EclipseLogger - skip non existing resourceDirectory C:\Users\qualtech\Desktop\6Jan\QualtechKeywordDriven\src\main\resources
2020-01-06 13:06:38,476 [Worker-58] WARN  o.e.m.c.i.embedder.EclipseLogger - Using platform encoding (Cp1252 actually) to copy filtered resources, i.e. build is platform dependent!
2020-01-06 13:06:38,476 [Worker-58] INFO  o.e.m.c.i.embedder.EclipseLogger - skip non existing resourceDirectory C:\Users\qualtech\Desktop\6Jan\QualtechKeywordDriven\src\test\resources
2020-01-06 13:09:12,027 [Worker-53] WARN  o.e.m.c.i.embedder.EclipseLogger - Using platform encoding (Cp1252 actually) to copy filtered resources, i.e. build is platform dependent!
2020-01-06 13:09:12,027 [Worker-53] INFO  o.e.m.c.i.embedder.EclipseLogger - skip non existing resourceDirectory C:\Users\qualtech\Desktop\6Jan\QualtechKeywordDriven\src\main\resources
2020-01-06 13:09:12,027 [Worker-53] WARN  o.e.m.c.i.embedder.EclipseLogger - Using platform encoding (Cp1252 actually) to copy filtered resources, i.e. build is platform dependent!
2020-01-06 13:09:12,027 [Worker-53] INFO  o.e.m.c.i.embedder.EclipseLogger - skip non existing resourceDirectory C:\Users\qualtech\Desktop\6Jan\QualtechKeywordDriven\src\test\resources
2020-01-06 13:09:36,772 [Worker-59] WARN  o.e.m.c.i.embedder.EclipseLogger - Using platform encoding (Cp1252 actually) to copy filtered resources, i.e. build is platform dependent!
2020-01-06 13:09:36,772 [Worker-59] INFO  o.e.m.c.i.embedder.EclipseLogger - skip non existing resourceDirectory C:\Users\qualtech\Desktop\6Jan\QualtechKeywordDriven\src\main\resources
2020-01-06 13:09:36,772 [Worker-59] WARN  o.e.m.c.i.embedder.EclipseLogger - Using platform encoding (Cp1252 actually) to copy filtered resources, i.e. build is platform dependent!
2020-01-06 13:09:36,772 [Worker-59] INFO  o.e.m.c.i.embedder.EclipseLogger - skip non existing resourceDirectory C:\Users\qualtech\Desktop\6Jan\QualtechKeywordDriven\src\test\resources
2020-01-06 13:09:57,528 [Worker-53] WARN  o.e.m.c.i.embedder.EclipseLogger - Using platform encoding (Cp1252 actually) to copy filtered resources, i.e. build is platform dependent!
2020-01-06 13:09:57,544 [Worker-53] INFO  o.e.m.c.i.embedder.EclipseLogger - skip non existing resourceDirectory C:\Users\qualtech\Desktop\6Jan\QualtechKeywordDriven\src\main\resources
2020-01-06 13:09:57,544 [Worker-53] WARN  o.e.m.c.i.embedder.EclipseLogger - Using platform encoding (Cp1252 actually) to copy filtered resources, i.e. build is platform dependent!
2020-01-06 13:09:57,544 [Worker-53] INFO  o.e.m.c.i.embedder.EclipseLogger - skip non existing resourceDirectory C:\Users\qualtech\Desktop\6Jan\QualtechKeywordDriven\src\test\resources
2020-01-06 13:18:12,322 [Worker-58] WARN  o.e.m.c.i.embedder.EclipseLogger - Using platform encoding (Cp1252 actually) to copy filtered resources, i.e. build is platform dependent!
2020-01-06 13:18:12,322 [Worker-58] INFO  o.e.m.c.i.embedder.EclipseLogger - skip non existing resourceDirectory C:\Users\qualtech\Desktop\6Jan\QualtechKeywordDriven\src\main\resources
2020-01-06 13:18:12,322 [Worker-58] WARN  o.e.m.c.i.embedder.EclipseLogger - Using platform encoding (Cp1252 actually) to copy filtered resources, i.e. build is platform dependent!
2020-01-06 13:18:12,322 [Worker-58] INFO  o.e.m.c.i.embedder.EclipseLogger - skip non existing resourceDirectory C:\Users\qualtech\Desktop\6Jan\QualtechKeywordDriven\src\test\resources
2020-01-06 13:18:35,572 [Worker-53] WARN  o.e.m.c.i.embedder.EclipseLogger - Using platform encoding (Cp1252 actually) to copy filtered resources, i.e. build is platform dependent!
2020-01-06 13:18:35,572 [Worker-53] INFO  o.e.m.c.i.embedder.EclipseLogger - skip non existing resourceDirectory C:\Users\qualtech\Desktop\6Jan\QualtechKeywordDriven\src\main\resources
2020-01-06 13:18:35,588 [Worker-53] WARN  o.e.m.c.i.embedder.EclipseLogger - Using platform encoding (Cp1252 actually) to copy filtered resources, i.e. build is platform dependent!
2020-01-06 13:18:35,588 [Worker-53] INFO  o.e.m.c.i.embedder.EclipseLogger - skip non existing resourceDirectory C:\Users\qualtech\Desktop\6Jan\QualtechKeywordDriven\src\test\resources
2020-01-06 14:13:15,145 [Worker-71] WARN  o.e.m.c.i.embedder.EclipseLogger - Using platform encoding (Cp1252 actually) to copy filtered resources, i.e. build is platform dependent!
2020-01-06 14:13:15,145 [Worker-71] INFO  o.e.m.c.i.embedder.EclipseLogger - skip non existing resourceDirectory C:\Users\qualtech\Desktop\6Jan\QualtechKeywordDriven\src\main\resources
2020-01-06 14:13:15,145 [Worker-71] WARN  o.e.m.c.i.embedder.EclipseLogger - Using platform encoding (Cp1252 actually) to copy filtered resources, i.e. build is platform dependent!
2020-01-06 14:13:15,145 [Worker-71] INFO  o.e.m.c.i.embedder.EclipseLogger - skip non existing resourceDirectory C:\Users\qualtech\Desktop\6Jan\QualtechKeywordDriven\src\test\resources
2020-01-06 14:44:28,914 [Worker-80] WARN  o.e.m.c.i.embedder.EclipseLogger - Using platform encoding (Cp1252 actually) to copy filtered resources, i.e. build is platform dependent!
2020-01-06 14:44:28,930 [Worker-80] INFO  o.e.m.c.i.embedder.EclipseLogger - skip non existing resourceDirectory C:\Users\qualtech\Desktop\6Jan\QualtechKeywordDriven\src\main\resources
2020-01-06 14:44:28,930 [Worker-80] WARN  o.e.m.c.i.embedder.EclipseLogger - Using platform encoding (Cp1252 actually) to copy filtered resources, i.e. build is platform dependent!
2020-01-06 14:44:28,930 [Worker-80] INFO  o.e.m.c.i.embedder.EclipseLogger - skip non existing resourceDirectory C:\Users\qualtech\Desktop\6Jan\QualtechKeywordDriven\src\test\resources
2020-01-06 14:44:45,645 [Worker-80] WARN  o.e.m.c.i.embedder.EclipseLogger - Using platform encoding (Cp1252 actually) to copy filtered resources, i.e. build is platform dependent!
2020-01-06 14:44:45,645 [Worker-80] INFO  o.e.m.c.i.embedder.EclipseLogger - skip non existing resourceDirectory C:\Users\qualtech\Desktop\6Jan\QualtechKeywordDriven\src\main\resources
2020-01-06 14:44:45,645 [Worker-80] WARN  o.e.m.c.i.embedder.EclipseLogger - Using platform encoding (Cp1252 actually) to copy filtered resources, i.e. build is platform dependent!
2020-01-06 14:44:45,645 [Worker-80] INFO  o.e.m.c.i.embedder.EclipseLogger - skip non existing resourceDirectory C:\Users\qualtech\Desktop\6Jan\QualtechKeywordDriven\src\test\resources
2020-01-06 14:47:26,731 [Worker-79] WARN  o.e.m.c.i.embedder.EclipseLogger - Using platform encoding (Cp1252 actually) to copy filtered resources, i.e. build is platform dependent!
2020-01-06 14:47:26,731 [Worker-79] INFO  o.e.m.c.i.embedder.EclipseLogger - skip non existing resourceDirectory C:\Users\qualtech\Desktop\6Jan\QualtechKeywordDriven\src\main\resources
2020-01-06 14:47:26,731 [Worker-79] WARN  o.e.m.c.i.embedder.EclipseLogger - Using platform encoding (Cp1252 actually) to copy filtered resources, i.e. build is platform dependent!
2020-01-06 14:47:26,731 [Worker-79] INFO  o.e.m.c.i.embedder.EclipseLogger - skip non existing resourceDirectory C:\Users\qualtech\Desktop\6Jan\QualtechKeywordDriven\src\test\resources
2020-01-06 14:48:38,446 [Worker-82] WARN  o.e.m.c.i.embedder.EclipseLogger - Using platform encoding (Cp1252 actually) to copy filtered resources, i.e. build is platform dependent!
2020-01-06 14:48:38,446 [Worker-82] INFO  o.e.m.c.i.embedder.EclipseLogger - skip non existing resourceDirectory C:\Users\qualtech\Desktop\6Jan\QualtechKeywordDriven\src\main\resources
2020-01-06 14:48:38,446 [Worker-82] WARN  o.e.m.c.i.embedder.EclipseLogger - Using platform encoding (Cp1252 actually) to copy filtered resources, i.e. build is platform dependent!
2020-01-06 14:48:38,446 [Worker-82] INFO  o.e.m.c.i.embedder.EclipseLogger - skip non existing resourceDirectory C:\Users\qualtech\Desktop\6Jan\QualtechKeywordDriven\src\test\resources
2020-01-06 14:57:13,629 [Worker-82] WARN  o.e.m.c.i.embedder.EclipseLogger - Using platform encoding (Cp1252 actually) to copy filtered resources, i.e. build is platform dependent!
2020-01-06 14:57:13,629 [Worker-82] INFO  o.e.m.c.i.embedder.EclipseLogger - skip non existing resourceDirectory C:\Users\qualtech\Desktop\6Jan\QualtechKeywordDriven\src\main\resources
2020-01-06 14:57:13,629 [Worker-82] WARN  o.e.m.c.i.embedder.EclipseLogger - Using platform encoding (Cp1252 actually) to copy filtered resources, i.e. build is platform dependent!
2020-01-06 14:57:13,629 [Worker-82] INFO  o.e.m.c.i.embedder.EclipseLogger - skip non existing resourceDirectory C:\Users\qualtech\Desktop\6Jan\QualtechKeywordDriven\src\test\resources
2020-01-06 14:59:02,327 [Worker-84] WARN  o.e.m.c.i.embedder.EclipseLogger - Using platform encoding (Cp1252 actually) to copy filtered resources, i.e. build is platform dependent!
2020-01-06 14:59:02,327 [Worker-84] INFO  o.e.m.c.i.embedder.EclipseLogger - skip non existing resourceDirectory C:\Users\qualtech\Desktop\6Jan\QualtechKeywordDriven\src\main\resources
2020-01-06 14:59:02,327 [Worker-84] WARN  o.e.m.c.i.embedder.EclipseLogger - Using platform encoding (Cp1252 actually) to copy filtered resources, i.e. build is platform dependent!
2020-01-06 14:59:02,327 [Worker-84] INFO  o.e.m.c.i.embedder.EclipseLogger - skip non existing resourceDirectory C:\Users\qualtech\Desktop\6Jan\QualtechKeywordDriven\src\test\resources
2020-01-06 15:01:43,645 [Worker-88] WARN  o.e.m.c.i.embedder.EclipseLogger - Using platform encoding (Cp1252 actually) to copy filtered resources, i.e. build is platform dependent!
2020-01-06 15:01:43,660 [Worker-88] INFO  o.e.m.c.i.embedder.EclipseLogger - skip non existing resourceDirectory C:\Users\qualtech\Desktop\6Jan\QualtechKeywordDriven\src\main\resources
2020-01-06 15:01:43,660 [Worker-88] WARN  o.e.m.c.i.embedder.EclipseLogger - Using platform encoding (Cp1252 actually) to copy filtered resources, i.e. build is platform dependent!
2020-01-06 15:01:43,660 [Worker-88] INFO  o.e.m.c.i.embedder.EclipseLogger - skip non existing resourceDirectory C:\Users\qualtech\Desktop\6Jan\QualtechKeywordDriven\src\test\resources
2020-01-06 15:11:18,646 [Worker-84] WARN  o.e.m.c.i.embedder.EclipseLogger - Using platform encoding (Cp1252 actually) to copy filtered resources, i.e. build is platform dependent!
2020-01-06 15:11:18,646 [Worker-84] INFO  o.e.m.c.i.embedder.EclipseLogger - skip non existing resourceDirectory C:\Users\qualtech\Desktop\6Jan\QualtechKeywordDriven\src\main\resources
2020-01-06 15:11:18,646 [Worker-84] WARN  o.e.m.c.i.embedder.EclipseLogger - Using platform encoding (Cp1252 actually) to copy filtered resources, i.e. build is platform dependent!
2020-01-06 15:11:18,646 [Worker-84] INFO  o.e.m.c.i.embedder.EclipseLogger - skip non existing resourceDirectory C:\Users\qualtech\Desktop\6Jan\QualtechKeywordDriven\src\test\resources
2020-01-06 15:25:03,885 [Worker-91] WARN  o.e.m.c.i.embedder.EclipseLogger - Using platform encoding (Cp1252 actually) to copy filtered resources, i.e. build is platform dependent!
2020-01-06 15:25:03,885 [Worker-91] INFO  o.e.m.c.i.embedder.EclipseLogger - skip non existing resourceDirectory C:\Users\qualtech\Desktop\6Jan\QualtechKeywordDriven\src\main\resources
2020-01-06 15:25:03,885 [Worker-91] WARN  o.e.m.c.i.embedder.EclipseLogger - Using platform encoding (Cp1252 actually) to copy filtered resources, i.e. build is platform dependent!
2020-01-06 15:25:03,885 [Worker-91] INFO  o.e.m.c.i.embedder.EclipseLogger - skip non existing resourceDirectory C:\Users\qualtech\Desktop\6Jan\QualtechKeywordDriven\src\test\resources
2020-01-06 15:26:02,365 [Worker-91] WARN  o.e.m.c.i.embedder.EclipseLogger - Using platform encoding (Cp1252 actually) to copy filtered resources, i.e. build is platform dependent!
2020-01-06 15:26:02,365 [Worker-91] INFO  o.e.m.c.i.embedder.EclipseLogger - skip non existing resourceDirectory C:\Users\qualtech\Desktop\6Jan\QualtechKeywordDriven\src\main\resources
2020-01-06 15:26:02,365 [Worker-91] WARN  o.e.m.c.i.embedder.EclipseLogger - Using platform encoding (Cp1252 actually) to copy filtered resources, i.e. build is platform dependent!
2020-01-06 15:26:02,381 [Worker-91] INFO  o.e.m.c.i.embedder.EclipseLogger - skip non existing resourceDirectory C:\Users\qualtech\Desktop\6Jan\QualtechKeywordDriven\src\test\resources
2020-01-06 15:49:18,512 [Worker-93] WARN  o.e.m.c.i.embedder.EclipseLogger - Using platform encoding (Cp1252 actually) to copy filtered resources, i.e. build is platform dependent!
2020-01-06 15:49:18,512 [Worker-93] INFO  o.e.m.c.i.embedder.EclipseLogger - skip non existing resourceDirectory C:\Users\qualtech\Desktop\6Jan\QualtechKeywordDriven\src\main\resources
2020-01-06 15:49:18,512 [Worker-93] WARN  o.e.m.c.i.embedder.EclipseLogger - Using platform encoding (Cp1252 actually) to copy filtered resources, i.e. build is platform dependent!
2020-01-06 15:49:18,512 [Worker-93] INFO  o.e.m.c.i.embedder.EclipseLogger - skip non existing resourceDirectory C:\Users\qualtech\Desktop\6Jan\QualtechKeywordDriven\src\test\resources
2020-01-06 15:49:49,774 [Worker-101] WARN  o.e.m.c.i.embedder.EclipseLogger - Using platform encoding (Cp1252 actually) to copy filtered resources, i.e. build is platform dependent!
2020-01-06 15:49:49,774 [Worker-101] INFO  o.e.m.c.i.embedder.EclipseLogger - skip non existing resourceDirectory C:\Users\qualtech\Desktop\6Jan\QualtechKeywordDriven\src\main\resources
2020-01-06 15:49:49,774 [Worker-101] WARN  o.e.m.c.i.embedder.EclipseLogger - Using platform encoding (Cp1252 actually) to copy filtered resources, i.e. build is platform dependent!
2020-01-06 15:49:49,789 [Worker-101] INFO  o.e.m.c.i.embedder.EclipseLogger - skip non existing resourceDirectory C:\Users\qualtech\Desktop\6Jan\QualtechKeywordDriven\src\test\resources
2020-01-06 16:26:46,548 [Worker-105] WARN  o.e.m.c.i.embedder.EclipseLogger - Using platform encoding (Cp1252 actually) to copy filtered resources, i.e. build is platform dependent!
2020-01-06 16:26:46,548 [Worker-105] INFO  o.e.m.c.i.embedder.EclipseLogger - skip non existing resourceDirectory C:\Users\qualtech\Desktop\6Jan\QualtechKeywordDriven\src\main\resources
2020-01-06 16:26:46,548 [Worker-105] WARN  o.e.m.c.i.embedder.EclipseLogger - Using platform encoding (Cp1252 actually) to copy filtered resources, i.e. build is platform dependent!
2020-01-06 16:26:46,548 [Worker-105] INFO  o.e.m.c.i.embedder.EclipseLogger - skip non existing resourceDirectory C:\Users\qualtech\Desktop\6Jan\QualtechKeywordDriven\src\test\resources
2020-01-06 16:27:05,718 [Worker-115] WARN  o.e.m.c.i.embedder.EclipseLogger - Using platform encoding (Cp1252 actually) to copy filtered resources, i.e. build is platform dependent!
2020-01-06 16:27:05,718 [Worker-115] INFO  o.e.m.c.i.embedder.EclipseLogger - skip non existing resourceDirectory C:\Users\qualtech\Desktop\6Jan\QualtechKeywordDriven\src\main\resources
2020-01-06 16:27:05,718 [Worker-115] WARN  o.e.m.c.i.embedder.EclipseLogger - Using platform encoding (Cp1252 actually) to copy filtered resources, i.e. build is platform dependent!
2020-01-06 16:27:05,718 [Worker-115] INFO  o.e.m.c.i.embedder.EclipseLogger - skip non existing resourceDirectory C:\Users\qualtech\Desktop\6Jan\QualtechKeywordDriven\src\test\resources
2020-01-06 16:37:07,655 [Worker-110] WARN  o.e.m.c.i.embedder.EclipseLogger - Using platform encoding (Cp1252 actually) to copy filtered resources, i.e. build is platform dependent!
2020-01-06 16:37:07,655 [Worker-110] INFO  o.e.m.c.i.embedder.EclipseLogger - skip non existing resourceDirectory C:\Users\qualtech\Desktop\6Jan\QualtechKeywordDriven\src\main\resources
2020-01-06 16:37:07,655 [Worker-110] WARN  o.e.m.c.i.embedder.EclipseLogger - Using platform encoding (Cp1252 actually) to copy filtered resources, i.e. build is platform dependent!
2020-01-06 16:37:07,655 [Worker-110] INFO  o.e.m.c.i.embedder.EclipseLogger - skip non existing resourceDirectory C:\Users\qualtech\Desktop\6Jan\QualtechKeywordDriven\src\test\resources
2020-01-06 16:37:30,774 [Worker-105] WARN  o.e.m.c.i.embedder.EclipseLogger - Using platform encoding (Cp1252 actually) to copy filtered resources, i.e. build is platform dependent!
2020-01-06 16:37:30,774 [Worker-105] INFO  o.e.m.c.i.embedder.EclipseLogger - skip non existing resourceDirectory C:\Users\qualtech\Desktop\6Jan\QualtechKeywordDriven\src\main\resources
2020-01-06 16:37:30,790 [Worker-105] WARN  o.e.m.c.i.embedder.EclipseLogger - Using platform encoding (Cp1252 actually) to copy filtered resources, i.e. build is platform dependent!
2020-01-06 16:37:30,790 [Worker-105] INFO  o.e.m.c.i.embedder.EclipseLogger - skip non existing resourceDirectory C:\Users\qualtech\Desktop\6Jan\QualtechKeywordDriven\src\test\resources
2020-01-06 16:37:58,378 [Worker-110] WARN  o.e.m.c.i.embedder.EclipseLogger - Using platform encoding (Cp1252 actually) to copy filtered resources, i.e. build is platform dependent!
2020-01-06 16:37:58,378 [Worker-110] INFO  o.e.m.c.i.embedder.EclipseLogger - skip non existing resourceDirectory C:\Users\qualtech\Desktop\6Jan\QualtechKeywordDriven\src\main\resources
2020-01-06 16:37:58,378 [Worker-110] WARN  o.e.m.c.i.embedder.EclipseLogger - Using platform encoding (Cp1252 actually) to copy filtered resources, i.e. build is platform dependent!
2020-01-06 16:37:58,378 [Worker-110] INFO  o.e.m.c.i.embedder.EclipseLogger - skip non existing resourceDirectory C:\Users\qualtech\Desktop\6Jan\QualtechKeywordDriven\src\test\resources
2020-01-06 16:39:58,515 [Worker-110] WARN  o.e.m.c.i.embedder.EclipseLogger - Using platform encoding (Cp1252 actually) to copy filtered resources, i.e. build is platform dependent!
2020-01-06 16:39:58,515 [Worker-110] INFO  o.e.m.c.i.embedder.EclipseLogger - skip non existing resourceDirectory C:\Users\qualtech\Desktop\6Jan\QualtechKeywordDriven\src\main\resources
2020-01-06 16:39:58,530 [Worker-110] WARN  o.e.m.c.i.embedder.EclipseLogger - Using platform encoding (Cp1252 actually) to copy filtered resources, i.e. build is platform dependent!
2020-01-06 16:39:58,530 [Worker-110] INFO  o.e.m.c.i.embedder.EclipseLogger - skip non existing resourceDirectory C:\Users\qualtech\Desktop\6Jan\QualtechKeywordDriven\src\test\resources
2020-01-06 17:07:56,200 [Worker-110] WARN  o.e.m.c.i.embedder.EclipseLogger - Using platform encoding (Cp1252 actually) to copy filtered resources, i.e. build is platform dependent!
2020-01-06 17:07:56,216 [Worker-110] INFO  o.e.m.c.i.embedder.EclipseLogger - skip non existing resourceDirectory C:\Users\qualtech\Desktop\6Jan\QualtechKeywordDriven\src\main\resources
2020-01-06 17:07:56,216 [Worker-110] WARN  o.e.m.c.i.embedder.EclipseLogger - Using platform encoding (Cp1252 actually) to copy filtered resources, i.e. build is platform dependent!
2020-01-06 17:07:56,216 [Worker-110] INFO  o.e.m.c.i.embedder.EclipseLogger - skip non existing resourceDirectory C:\Users\qualtech\Desktop\6Jan\QualtechKeywordDriven\src\test\resources
2020-01-06 17:10:13,279 [Worker-131] WARN  o.e.m.c.i.embedder.EclipseLogger - Using platform encoding (Cp1252 actually) to copy filtered resources, i.e. build is platform dependent!
2020-01-06 17:10:13,279 [Worker-131] INFO  o.e.m.c.i.embedder.EclipseLogger - skip non existing resourceDirectory C:\Users\qualtech\Desktop\6Jan\QualtechKeywordDriven\src\main\resources
2020-01-06 17:10:13,279 [Worker-131] WARN  o.e.m.c.i.embedder.EclipseLogger - Using platform encoding (Cp1252 actually) to copy filtered resources, i.e. build is platform dependent!
2020-01-06 17:10:13,279 [Worker-131] INFO  o.e.m.c.i.embedder.EclipseLogger - skip non existing resourceDirectory C:\Users\qualtech\Desktop\6Jan\QualtechKeywordDriven\src\test\resources
2020-01-06 17:15:03,180 [Worker-131] WARN  o.e.m.c.i.embedder.EclipseLogger - Using platform encoding (Cp1252 actually) to copy filtered resources, i.e. build is platform dependent!
2020-01-06 17:15:03,180 [Worker-131] INFO  o.e.m.c.i.embedder.EclipseLogger - skip non existing resourceDirectory C:\Users\qualtech\Desktop\6Jan\QualtechKeywordDriven\src\main\resources
2020-01-06 17:15:03,180 [Worker-131] WARN  o.e.m.c.i.embedder.EclipseLogger - Using platform encoding (Cp1252 actually) to copy filtered resources, i.e. build is platform dependent!
2020-01-06 17:15:03,180 [Worker-131] INFO  o.e.m.c.i.embedder.EclipseLogger - skip non existing resourceDirectory C:\Users\qualtech\Desktop\6Jan\QualtechKeywordDriven\src\test\resources
2020-01-06 17:15:28,553 [Worker-131] WARN  o.e.m.c.i.embedder.EclipseLogger - Using platform encoding (Cp1252 actually) to copy filtered resources, i.e. build is platform dependent!
2020-01-06 17:15:28,553 [Worker-131] INFO  o.e.m.c.i.embedder.EclipseLogger - skip non existing resourceDirectory C:\Users\qualtech\Desktop\6Jan\QualtechKeywordDriven\src\main\resources
2020-01-06 17:15:28,553 [Worker-131] WARN  o.e.m.c.i.embedder.EclipseLogger - Using platform encoding (Cp1252 actually) to copy filtered resources, i.e. build is platform dependent!
2020-01-06 17:15:28,553 [Worker-131] INFO  o.e.m.c.i.embedder.EclipseLogger - skip non existing resourceDirectory C:\Users\qualtech\Desktop\6Jan\QualtechKeywordDriven\src\test\resources
2020-01-06 17:27:27,233 [Worker-129] WARN  o.e.m.c.i.embedder.EclipseLogger - Using platform encoding (Cp1252 actually) to copy filtered resources, i.e. build is platform dependent!
2020-01-06 17:27:27,233 [Worker-129] INFO  o.e.m.c.i.embedder.EclipseLogger - skip non existing resourceDirectory C:\Users\qualtech\Desktop\6Jan\QualtechKeywordDriven\src\main\resources
2020-01-06 17:27:27,233 [Worker-129] WARN  o.e.m.c.i.embedder.EclipseLogger - Using platform encoding (Cp1252 actually) to copy filtered resources, i.e. build is platform dependent!
2020-01-06 17:27:27,233 [Worker-129] INFO  o.e.m.c.i.embedder.EclipseLogger - skip non existing resourceDirectory C:\Users\qualtech\Desktop\6Jan\QualtechKeywordDriven\src\test\resources
2020-01-06 17:28:54,197 [Worker-132] WARN  o.e.m.c.i.embedder.EclipseLogger - Using platform encoding (Cp1252 actually) to copy filtered resources, i.e. build is platform dependent!
2020-01-06 17:28:54,197 [Worker-132] INFO  o.e.m.c.i.embedder.EclipseLogger - skip non existing resourceDirectory C:\Users\qualtech\Desktop\6Jan\QualtechKeywordDriven\src\main\resources
2020-01-06 17:28:54,197 [Worker-132] WARN  o.e.m.c.i.embedder.EclipseLogger - Using platform encoding (Cp1252 actually) to copy filtered resources, i.e. build is platform dependent!
2020-01-06 17:28:54,197 [Worker-132] INFO  o.e.m.c.i.embedder.EclipseLogger - skip non existing resourceDirectory C:\Users\qualtech\Desktop\6Jan\QualtechKeywordDriven\src\test\resources
2020-01-06 17:47:58,847 [Worker-141] WARN  o.e.m.c.i.embedder.EclipseLogger - Using platform encoding (Cp1252 actually) to copy filtered resources, i.e. build is platform dependent!
2020-01-06 17:47:58,847 [Worker-141] INFO  o.e.m.c.i.embedder.EclipseLogger - skip non existing resourceDirectory C:\Users\qualtech\Desktop\6Jan\QualtechKeywordDriven\src\main\resources
2020-01-06 17:47:58,847 [Worker-141] WARN  o.e.m.c.i.embedder.EclipseLogger - Using platform encoding (Cp1252 actually) to copy filtered resources, i.e. build is platform dependent!
2020-01-06 17:47:58,847 [Worker-141] INFO  o.e.m.c.i.embedder.EclipseLogger - skip non existing resourceDirectory C:\Users\qualtech\Desktop\6Jan\QualtechKeywordDriven\src\test\resources
2020-01-06 17:50:05,338 [Worker-132] WARN  o.e.m.c.i.embedder.EclipseLogger - Using platform encoding (Cp1252 actually) to copy filtered resources, i.e. build is platform dependent!
2020-01-06 17:50:05,338 [Worker-132] INFO  o.e.m.c.i.embedder.EclipseLogger - skip non existing resourceDirectory C:\Users\qualtech\Desktop\6Jan\QualtechKeywordDriven\src\main\resources
2020-01-06 17:50:05,338 [Worker-132] WARN  o.e.m.c.i.embedder.EclipseLogger - Using platform encoding (Cp1252 actually) to copy filtered resources, i.e. build is platform dependent!
2020-01-06 17:50:05,338 [Worker-132] INFO  o.e.m.c.i.embedder.EclipseLogger - skip non existing resourceDirectory C:\Users\qualtech\Desktop\6Jan\QualtechKeywordDriven\src\test\resources
